<?xml version="1.0" encoding="UTF-8"?>
<!-- Generated by org.testng.reporters.JUnitReportReporter -->
<testsuite skipped="0" hostname="LAPTOP-G8R015TH" name="com.w2a.testcases.OpenAccountTest" tests="1" failures="0" timestamp="25 Jul 2020 03:40:14 GMT" time="2.647" errors="0">
  <testcase name="openAccountTest" time="2.647" classname="com.w2a.testcases.OpenAccountTest"/>
</testsuite> <!-- com.w2a.testcases.OpenAccountTest -->
