<?xml version="1.0" encoding="UTF-8"?>
<!-- Generated by org.testng.reporters.JUnitReportReporter -->
<testsuite hostname="Chittaranjan-Ideapad" failures="0" tests="1" name="com.w2a.testcases.BankManagerLoginTest" time="0.000" errors="0" timestamp="2022-09-23T14:04:17 IST" skipped="1">
  <testcase classname="com.w2a.testcases.BankManagerLoginTest" name="bankManagerLoginTest" time="0.000">
    <skipped/>
  </testcase> <!-- bankManagerLoginTest -->
  <system-out/>
</testsuite> <!-- com.w2a.testcases.BankManagerLoginTest -->
