<?xml version="1.0" encoding="UTF-8"?>
<!-- Generated by org.testng.reporters.JUnitReportReporter -->
<testsuite hostname="DESKTOP-BPM9CUF" failures="0" tests="4" name="com.w2a.testcases.AddCustomerTest" time="17.879" errors="0" timestamp="2022-02-21T01:24:45 IST" skipped="0">
  <testcase classname="com.w2a.testcases.AddCustomerTest" name="addCustomerTest" time="4.375"/>
  <system-out/>
  <testcase classname="com.w2a.testcases.AddCustomerTest" name="addCustomerTest" time="4.414"/>
  <system-out/>
  <testcase classname="com.w2a.testcases.AddCustomerTest" name="addCustomerTest" time="4.686"/>
  <system-out/>
  <testcase classname="com.w2a.testcases.AddCustomerTest" name="addCustomerTest" time="4.404"/>
  <system-out/>
</testsuite> <!-- com.w2a.testcases.AddCustomerTest -->
