<?xml version="1.0" encoding="UTF-8"?>
<!-- Generated by org.testng.reporters.JUnitReportReporter -->
<testsuite hostname="Chittaranjan-Ideapad" failures="0" tests="1" name="com.w2a.testcases.OpenAccountTest" time="2.609" errors="0" timestamp="2022-09-23T16:34:46 IST" skipped="0">
  <testcase classname="com.w2a.testcases.OpenAccountTest" name="openAccountTest" time="2.609"/>
  <system-out/>
</testsuite> <!-- com.w2a.testcases.OpenAccountTest -->
