<?xml version="1.0" encoding="UTF-8"?>
<!-- Generated by org.testng.reporters.JUnitReportReporter -->
<testsuite hostname="DESKTOP-BPM9CUF" failures="0" tests="1" name="com.w2a.testcases.OpenAccountTest" time="2.616" errors="0" timestamp="2022-02-21T01:24:45 IST" skipped="0">
  <testcase classname="com.w2a.testcases.OpenAccountTest" name="openAccountTest" time="2.616"/>
  <system-out/>
</testsuite> <!-- com.w2a.testcases.OpenAccountTest -->
