<?xml version="1.0" encoding="UTF-8"?>
<!-- Generated by org.testng.reporters.JUnitReportReporter -->
<testsuite skipped="0" hostname="LAPTOP-G8R015TH" name="com.w2a.testcases.AddCustomerTest" tests="4" failures="0" timestamp="30 Dec 2019 06:10:36 GMT" time="19.364" errors="0">
  <testcase name="addCustomerTest" time="4.989" classname="com.w2a.testcases.AddCustomerTest"/>
  <testcase name="addCustomerTest" time="4.637" classname="com.w2a.testcases.AddCustomerTest"/>
  <testcase name="addCustomerTest" time="5.108" classname="com.w2a.testcases.AddCustomerTest"/>
  <testcase name="addCustomerTest" time="4.630" classname="com.w2a.testcases.AddCustomerTest"/>
</testsuite> <!-- com.w2a.testcases.AddCustomerTest -->
