<?xml version="1.0" encoding="UTF-8"?>
<!-- Generated by org.testng.reporters.JUnitReportReporter -->
<testsuite skipped="0" hostname="LAPTOP-G8R015TH" name="com.w2a.testcases.OpenAccountTest" tests="1" failures="0" timestamp="07 Jun 2020 13:09:45 GMT" time="2.702" errors="0">
  <testcase name="openAccountTest" time="2.702" classname="com.w2a.testcases.OpenAccountTest"/>
</testsuite> <!-- com.w2a.testcases.OpenAccountTest -->
