<?xml version="1.0" encoding="UTF-8"?>
<!-- Generated by org.testng.reporters.JUnitReportReporter -->
<testsuite skipped="0" hostname="LAPTOP-G8R015TH" name="com.w2a.testcases.BankManagerLoginTest" tests="1" failures="0" timestamp="25 Jul 2020 03:40:14 GMT" time="3.918" errors="0">
  <testcase name="bankManagerLoginTest" time="3.918" classname="com.w2a.testcases.BankManagerLoginTest"/>
</testsuite> <!-- com.w2a.testcases.BankManagerLoginTest -->
